{"name": "Проверка работы счётчика ингредиента, добавленного в заказ", "status": "failed", "statusDetails": {"message": "AssertionError: assert '0' == '2'\n  - 2\n  + 0", "trace": "self = <test_basic_functional.TestBasicFunctional object at 0x0000010B6BE0D910>, driver = <selenium.webdriver.firefox.webdriver.WebDriver (session=\"11efdff9-3c83-4461-8d7f-70adb3d036ea\")>\n\n    @allure.title('Проверка работы счётчика ингредиента, добавленного в заказ')\n    @allure.description('После добавления ингредиента(булки) в заказ проверяем, что счётчик ингредиента стал равен \"2\"')\n    def test_ingredient_information_close_on_click_check(self, driver):\n        main_page = MainPageForm(driver)\n        main_page.go_on_stellar_burgers_page()\n        main_page.drag_drop_bun()\n>       assert main_page.counter_bun() == '2'\nE       AssertionError: assert '0' == '2'\nE         - 2\nE         + 0\n\ntests\\test_basic_functional.py:57: AssertionError"}, "description": "После добавления ингредиента(булки) в заказ проверяем, что счётчик ингредиента стал равен \"2\"", "steps": [{"name": "Открываем страницу Stellar Burgers", "status": "passed", "steps": [{"name": "Открываем страницу StellarBurgers", "status": "passed", "start": 1701851787974, "stop": 1701851788168}], "start": 1701851787974, "stop": 1701851788168}, {"name": "Перетаскивание элемента из раздела \"Булки\" в поле для заказа", "status": "passed", "steps": [{"name": "Поиск элемента на странице с задержкой=14", "status": "passed", "parameters": [{"name": "locator", "value": "('xpath', \"//p[contains(text(),'Краторная булка N-200i')]\")"}, {"name": "time", "value": "14"}], "start": 1701851788169, "stop": 1701851788722}, {"name": "Перемещение элемента методом drag and drop", "status": "passed", "parameters": [{"name": "locator1", "value": "('xpath', \"//p[contains(text(),'Краторная булка N-200i')]\")"}, {"name": "locator2", "value": "('xpath', \"//div[@class = 'constructor-element constructor-element_pos_top']\")"}], "start": 1701851788722, "stop": 1701851789303}], "start": 1701851788169, "stop": 1701851789303}, {"name": "Получение счётчика элемента из раздела \"Булки\"", "status": "passed", "steps": [{"name": "Поиск элемента на странице с задержкой=14", "status": "passed", "parameters": [{"name": "locator", "value": "('css selector', 'div.App_App__aOmNj main.App_componentContainer__2JC2W:nth-child(2) section.BurgerIngredients_ingredients__1N8v2 div.BurgerIngredients_ingredients__menuContainer__Xu3Mo:nth-child(3) ul.BurgerIngredients_ingredients__list__2A-mT:nth-child(2) a.BurgerIngredient_ingredient__1TVf6.ml-4.mr-4.mb-8:nth-child(2) div.counter_counter__ZNLkj.counter_default__28sqi > p.counter_counter__num__3nue1')"}, {"name": "time", "value": "14"}], "start": 1701851789304, "stop": 1701851789306}], "start": 1701851789303, "stop": 1701851789328}], "parameters": [{"name": "driver", "value": "'firefox'"}], "start": 1701851787974, "stop": 1701851789328, "uuid": "21dc69c3-32b0-4778-aa14-35da5d66e2c0", "historyId": "e016f91306b75d261dc2fd1fdc935bf2", "testCaseId": "e08789893ad8cdeee18c225ede3d2e9b", "fullName": "tests.test_basic_functional.TestBasicFunctional#test_ingredient_information_close_on_click_check", "labels": [{"name": "parentSuite", "value": "tests"}, {"name": "suite", "value": "test_basic_functional"}, {"name": "subSuite", "value": "TestBasicFunctional"}, {"name": "host", "value": "WIN-48K729GVFIE"}, {"name": "thread", "value": "10660-MainThread"}, {"name": "framework", "value": "pytest"}, {"name": "language", "value": "cpython3"}, {"name": "package", "value": "tests.test_basic_functional"}]}